0 info it worked if it ends with ok
1 verbose cli [ 'node', '/usr/local/bin/npm', 'install', 'box-2d' ]
2 info using npm@1.4.28
3 info using node@v0.10.32
4 warn package.json box2d@1.0.0 No repository field.
5 verbose cache add [ 'box-2d', null ]
6 verbose cache add name=undefined spec="box-2d" args=["box-2d",null]
7 verbose parsed url { protocol: null,
7 verbose parsed url   slashes: null,
7 verbose parsed url   auth: null,
7 verbose parsed url   host: null,
7 verbose parsed url   port: null,
7 verbose parsed url   hostname: null,
7 verbose parsed url   hash: null,
7 verbose parsed url   search: null,
7 verbose parsed url   query: null,
7 verbose parsed url   pathname: 'box-2d',
7 verbose parsed url   path: 'box-2d',
7 verbose parsed url   href: 'box-2d' }
8 silly lockFile 3f970217-box-2d box-2d
9 verbose lock box-2d /Users/henrimichel/.npm/3f970217-box-2d.lock
10 silly lockFile 3f970217-box-2d box-2d
11 silly lockFile 3f970217-box-2d box-2d
12 verbose addNamed [ 'box-2d', '' ]
13 verbose addNamed [ null, '*' ]
14 silly lockFile d6ce6ef1-box-2d box-2d@
15 verbose lock box-2d@ /Users/henrimichel/.npm/d6ce6ef1-box-2d.lock
16 silly addNameRange { name: 'box-2d', range: '*', hasData: false }
17 verbose request where is /box-2d
18 verbose request registry https://registry.npmjs.org/
19 verbose request id 1f313cd881e93424
20 verbose url raw /box-2d
21 verbose url resolving [ 'https://registry.npmjs.org/', './box-2d' ]
22 verbose url resolved https://registry.npmjs.org/box-2d
23 verbose request where is https://registry.npmjs.org/box-2d
24 info trying registry request attempt 1 at 07:19:40
25 http GET https://registry.npmjs.org/box-2d
26 http 404 https://registry.npmjs.org/box-2d
27 verbose headers { date: 'Sun, 08 Feb 2015 10:19:41 GMT',
27 verbose headers   server: 'CouchDB/1.5.0 (Erlang OTP/R16B03)',
27 verbose headers   'content-type': 'application/json',
27 verbose headers   'cache-control': 'max-age=0',
27 verbose headers   'content-length': '52',
27 verbose headers   'accept-ranges': 'bytes',
27 verbose headers   via: '1.1 varnish',
27 verbose headers   age: '0',
27 verbose headers   'x-served-by': 'cache-dfw1834-DFW',
27 verbose headers   'x-cache': 'MISS',
27 verbose headers   'x-cache-hits': '0',
27 verbose headers   'x-timer': 'S1423390781.340260,VS0,VE264',
27 verbose headers   'keep-alive': 'timeout=10, max=50',
27 verbose headers   connection: 'Keep-Alive' }
28 silly registry.get cb [ 404,
28 silly registry.get   { date: 'Sun, 08 Feb 2015 10:19:41 GMT',
28 silly registry.get     server: 'CouchDB/1.5.0 (Erlang OTP/R16B03)',
28 silly registry.get     'content-type': 'application/json',
28 silly registry.get     'cache-control': 'max-age=0',
28 silly registry.get     'content-length': '52',
28 silly registry.get     'accept-ranges': 'bytes',
28 silly registry.get     via: '1.1 varnish',
28 silly registry.get     age: '0',
28 silly registry.get     'x-served-by': 'cache-dfw1834-DFW',
28 silly registry.get     'x-cache': 'MISS',
28 silly registry.get     'x-cache-hits': '0',
28 silly registry.get     'x-timer': 'S1423390781.340260,VS0,VE264',
28 silly registry.get     'keep-alive': 'timeout=10, max=50',
28 silly registry.get     connection: 'Keep-Alive' } ]
29 silly lockFile d6ce6ef1-box-2d box-2d@
30 silly lockFile d6ce6ef1-box-2d box-2d@
31 error 404 404 Not Found: box-2d
31 error 404
31 error 404 'box-2d' is not in the npm registry.
31 error 404 You should bug the author to publish it
31 error 404
31 error 404 Note that you can also install from a
31 error 404 tarball, folder, or http url, or git url.
32 error System Darwin 14.0.0
33 error command "node" "/usr/local/bin/npm" "install" "box-2d"
34 error cwd /Users/henrimichel/Desktop/P R O J E T O S/NODE/car
35 error node -v v0.10.32
36 error npm -v 1.4.28
37 error code E404
38 verbose exit [ 1, true ]
